***BOOSTER CLASSIFIER***
1  2  3  4  5  6  7  8  9  10  11  12  13  14  15  16  17  18  19  20  21  22  23  24  25  26  27  28  29  30  31  32  33  34  35  36  37  38  39  40  41  42  43  44  45  46  47  48  49  50  51  52  53  54  55  56  57  58  59  60  61  62  63  64  65  66  67  68  69  70  71  72  73  74  75  76  77  78  79  80  81  82  83  84  85  86  87  88  89  90  91  92  93  94  95  96  97  98  99  100  101  102  103  104  105  106  107  108  109  110  111  112  113  114  115  116  117  118  119  120  121  122  123  124  125  126  127  128  129  130  131  132  133  134  135  136  137  138  139  140  141  142  143  144  145  146  147  148  149  150  

west

**** Statistics ****
True  Crater     : 1782
False Crater     : 198
False Non-Crater : 893
True  Non-Crater : 2088
Precision        : 0.9
Recall           : 0.666168224299
F1               : 0.765628356605


center

**** Statistics ****
True  Crater     : 353
False Crater     : 67
False Non-Crater : 90
True  Non-Crater : 671
Precision        : 0.840476190474
Recall           : 0.796839729118
F1               : 0.818076477403


east

**** Statistics ****
True  Crater     : 407
False Crater     : 69
False Non-Crater : 51
True  Non-Crater : 696
Precision        : 0.855042016805
Recall           : 0.888646288208
F1               : 0.871520342611

***GREEDY CLASSIFIER***
1  2  3  4  5  6  7  8  9  10  11  12  13  14  15  16  17  18  19  20  21  22  23  24  25  26  27  28  29  30  31  32  33  34  35  36  37  38  39  40  41  42  43  44  45  46  47  48  49  50  51  52  53  54  55  56  57  58  59  60  61  62  63  64  65  66  67  68  69  70  71  72  73  74  75  76  77  78  79  80  81  82  83  84  85  86  87  88  89  90  91  92  93  94  95  96  97  98  99  100  101  102  103  104  105  106  107  108  109  110  111  112  113  114  115  116  117  118  119  120  121  122  123  124  125  126  127  128  129  130  131  132  133  134  135  136  137  138  139  140  141  142  143  144  145  146  147  148  149  150  

west

**** Statistics ****
True  Crater     : 2090
False Crater     : 559
False Non-Crater : 585
True  Non-Crater : 1727
Precision        : 0.788976972442
Recall           : 0.781308411215
F1               : 0.785123966942


center

**** Statistics ****
True  Crater     : 424
False Crater     : 242
False Non-Crater : 19
True  Non-Crater : 496
Precision        : 0.636636636636
Recall           : 0.957110609479
F1               : 0.764652840395


east

**** Statistics ****
True  Crater     : 427
False Crater     : 142
False Non-Crater : 31
True  Non-Crater : 623
Precision        : 0.75043936731
Recall           : 0.932314410478
F1               : 0.831548198635

***TRANSFER CLASSIFIER***
1  2  3  4  5  6  7  8  9  10  11  12  13  14  15  16  17  18  19  20  21  22  23  24  25  26  27  28  29  30  31  32  33  34  35  36  37  38  39  40  41  42  43  44  45  46  47  48  49  50  51  52  53  54  55  56  57  58  59  60  61  62  63  64  65  66  67  68  69  70  71  72  73  74  75  76  77  78  79  80  81  82  83  84  85  86  87  88  89  90  91  92  93  94  95  96  97  98  99  100  101  102  103  104  105  106  107  108  109  110  111  112  113  114  115  116  117  118  119  120  121  122  123  124  125  126  127  128  129  130  131  132  133  134  135  136  137  138  139  140  141  142  143  144  145  146  147  148  149  150  

west

**** Statistics ****
True  Crater     : 1982
False Crater     : 337
False Non-Crater : 693
True  Non-Crater : 1949
Precision        : 0.854678740836
Recall           : 0.740934579439
F1               : 0.793752503003


center

**** Statistics ****
True  Crater     : 398
False Crater     : 137
False Non-Crater : 45
True  Non-Crater : 601
Precision        : 0.743925233643
Recall           : 0.898419864558
F1               : 0.813905930469


east

**** Statistics ****
True  Crater     : 420
False Crater     : 124
False Non-Crater : 38
True  Non-Crater : 641
Precision        : 0.772058823528
Recall           : 0.917030567684
F1               : 0.838323353292

