***BOOSTER CLASSIFIER***
1  2  3  4  5  6  7  8  9  10  

west

**** Statistics ****
True  Crater     : 1804
False Crater     : 212
False Non-Crater : 871
True  Non-Crater : 2074
Precision        : 0.894841269841
Recall           : 0.674392523364
F1               : 0.769132381155


center

**** Statistics ****
True  Crater     : 363
False Crater     : 76
False Non-Crater : 80
True  Non-Crater : 662
Precision        : 0.826879271069
Recall           : 0.819413092549
F1               : 0.823129251699


east

**** Statistics ****
True  Crater     : 405
False Crater     : 70
False Non-Crater : 53
True  Non-Crater : 695
Precision        : 0.852631578946
Recall           : 0.884279475981
F1               : 0.86816720257

***GREEDY CLASSIFIER***
1  2  3  4  5  6  7  8  9  10  

west

**** Statistics ****
True  Crater     : 2064
False Crater     : 464
False Non-Crater : 611
True  Non-Crater : 1822
Precision        : 0.816455696202
Recall           : 0.771588785046
F1               : 0.793388429752


center

**** Statistics ****
True  Crater     : 419
False Crater     : 193
False Non-Crater : 24
True  Non-Crater : 545
Precision        : 0.684640522875
Recall           : 0.945823927763
F1               : 0.794312796207


east

**** Statistics ****
True  Crater     : 432
False Crater     : 144
False Non-Crater : 26
True  Non-Crater : 621
Precision        : 0.749999999999
Recall           : 0.943231441046
F1               : 0.835589941971

***TRANSFER CLASSIFIER***
1  2  3  4  5  6  7  8  9  10  

west

**** Statistics ****
True  Crater     : 1982
False Crater     : 337
False Non-Crater : 693
True  Non-Crater : 1949
Precision        : 0.854678740836
Recall           : 0.740934579439
F1               : 0.793752503003


center

**** Statistics ****
True  Crater     : 398
False Crater     : 137
False Non-Crater : 45
True  Non-Crater : 601
Precision        : 0.743925233643
Recall           : 0.898419864558
F1               : 0.813905930469


east

**** Statistics ****
True  Crater     : 420
False Crater     : 124
False Non-Crater : 38
True  Non-Crater : 641
Precision        : 0.772058823528
Recall           : 0.917030567684
F1               : 0.838323353292

